4: 50	5: 50	6: 50	7: 50	8: 100	9: 100	
1: 10	2: 20	3: 20	5: 50	6: 50	7: 50	8: 100	9: 100	
1: 10	2: 20	3: 20	4: 50	6: 50	7: 50	8: 100	9: 100	
1: 10	2: 20	3: 20	4: 50	5: 50	7: 50	8: 100	9: 100	
1: 10	2: 20	3: 20	4: 50	5: 50	6: 50	8: 100	9: 100	
0: 200	8: 100	9: 100	
0: 200	6: 50	7: 50	9: 100	
0: 200	6: 50	7: 50	8: 100	
0: 200	5: 50	7: 50	9: 100	
0: 200	5: 50	7: 50	8: 100	
0: 200	5: 50	6: 50	9: 100	
0: 200	5: 50	6: 50	8: 100	
0: 200	4: 50	7: 50	9: 100	
0: 200	4: 50	7: 50	8: 100	
0: 200	4: 50	6: 50	9: 100	
0: 200	4: 50	6: 50	8: 100	
0: 200	4: 50	5: 50	9: 100	
0: 200	4: 50	5: 50	8: 100	
0: 200	4: 50	5: 50	6: 50	7: 50	
0: 200	1: 10	2: 20	3: 20	7: 50	9: 100	
0: 200	1: 10	2: 20	3: 20	7: 50	8: 100	
0: 200	1: 10	2: 20	3: 20	6: 50	9: 100	
0: 200	1: 10	2: 20	3: 20	6: 50	8: 100	
0: 200	1: 10	2: 20	3: 20	5: 50	9: 100	
0: 200	1: 10	2: 20	3: 20	5: 50	8: 100	
0: 200	1: 10	2: 20	3: 20	5: 50	6: 50	7: 50	
0: 200	1: 10	2: 20	3: 20	4: 50	9: 100	
0: 200	1: 10	2: 20	3: 20	4: 50	8: 100	
0: 200	1: 10	2: 20	3: 20	4: 50	6: 50	7: 50	
0: 200	1: 10	2: 20	3: 20	4: 50	5: 50	7: 50	
0: 200	1: 10	2: 20	3: 20	4: 50	5: 50	6: 50	
